{"/home/bititude/avanthik/Testing project -test/src/utils.ts": {"path":"/home/bititude/avanthik/Testing project -test/src/utils.ts","all":false,"statementMap":{"2":{"start":{"line":3,"column":0},"end":{"line":3,"column":35}},"3":{"start":{"line":4,"column":0},"end":{"line":4,"column":11}},"4":{"start":{"line":5,"column":0},"end":{"line":5,"column":8}},"5":{"start":{"line":6,"column":0},"end":{"line":6,"column":11}},"6":{"start":{"line":7,"column":0},"end":{"line":7,"column":8}},"7":{"start":{"line":8,"column":0},"end":{"line":8,"column":18}},"8":{"start":{"line":9,"column":0},"end":{"line":9,"column":23}},"9":{"start":{"line":10,"column":0},"end":{"line":10,"column":18}},"10":{"start":{"line":11,"column":0},"end":{"line":11,"column":35}},"11":{"start":{"line":12,"column":0},"end":{"line":12,"column":17}},"12":{"start":{"line":13,"column":0},"end":{"line":13,"column":35}},"13":{"start":{"line":14,"column":0},"end":{"line":14,"column":58}},"14":{"start":{"line":15,"column":0},"end":{"line":15,"column":17}},"15":{"start":{"line":16,"column":0},"end":{"line":16,"column":3}},"16":{"start":{"line":17,"column":0},"end":{"line":17,"column":15}},"17":{"start":{"line":18,"column":0},"end":{"line":18,"column":32}},"18":{"start":{"line":19,"column":0},"end":{"line":19,"column":17}},"19":{"start":{"line":20,"column":0},"end":{"line":20,"column":43}},"20":{"start":{"line":21,"column":0},"end":{"line":21,"column":35}},"21":{"start":{"line":22,"column":0},"end":{"line":22,"column":17}},"22":{"start":{"line":23,"column":0},"end":{"line":23,"column":3}},"24":{"start":{"line":25,"column":0},"end":{"line":25,"column":15}},"25":{"start":{"line":26,"column":0},"end":{"line":26,"column":39}},"26":{"start":{"line":27,"column":0},"end":{"line":27,"column":17}},"27":{"start":{"line":28,"column":0},"end":{"line":28,"column":36}},"28":{"start":{"line":29,"column":0},"end":{"line":29,"column":52}},"29":{"start":{"line":30,"column":0},"end":{"line":30,"column":17}},"30":{"start":{"line":31,"column":0},"end":{"line":31,"column":33}},"31":{"start":{"line":32,"column":0},"end":{"line":32,"column":59}},"32":{"start":{"line":33,"column":0},"end":{"line":33,"column":17}},"33":{"start":{"line":34,"column":0},"end":{"line":34,"column":3}},"35":{"start":{"line":36,"column":0},"end":{"line":36,"column":18}},"36":{"start":{"line":37,"column":0},"end":{"line":37,"column":35}},"37":{"start":{"line":38,"column":0},"end":{"line":38,"column":17}},"38":{"start":{"line":39,"column":0},"end":{"line":39,"column":35}},"39":{"start":{"line":40,"column":0},"end":{"line":40,"column":58}},"40":{"start":{"line":41,"column":0},"end":{"line":41,"column":17}},"41":{"start":{"line":42,"column":0},"end":{"line":42,"column":3}},"42":{"start":{"line":43,"column":0},"end":{"line":43,"column":37}},"43":{"start":{"line":44,"column":0},"end":{"line":44,"column":57}},"44":{"start":{"line":45,"column":0},"end":{"line":45,"column":17}},"45":{"start":{"line":46,"column":0},"end":{"line":46,"column":3}},"46":{"start":{"line":47,"column":0},"end":{"line":47,"column":14}},"47":{"start":{"line":48,"column":0},"end":{"line":48,"column":2}}},"s":{"2":1,"3":3,"4":3,"5":3,"6":3,"7":3,"8":3,"9":3,"10":1,"11":1,"12":3,"13":1,"14":1,"15":1,"16":3,"17":0,"18":0,"19":3,"20":0,"21":0,"22":0,"24":3,"25":0,"26":0,"27":3,"28":0,"29":0,"30":1,"31":0,"32":0,"33":0,"35":3,"36":0,"37":0,"38":3,"39":0,"40":0,"41":0,"42":3,"43":0,"44":0,"45":0,"46":1,"47":1},"branchMap":{"0":{"type":"branch","line":3,"loc":{"start":{"line":3,"column":33},"end":{"line":48,"column":2}},"locations":[{"start":{"line":3,"column":33},"end":{"line":48,"column":2}}]},"1":{"type":"branch","line":10,"loc":{"start":{"line":10,"column":17},"end":{"line":13,"column":9}},"locations":[{"start":{"line":10,"column":17},"end":{"line":13,"column":9}}]},"2":{"type":"branch","line":13,"loc":{"start":{"line":13,"column":2},"end":{"line":16,"column":3}},"locations":[{"start":{"line":13,"column":2},"end":{"line":16,"column":3}}]},"3":{"type":"branch","line":13,"loc":{"start":{"line":13,"column":34},"end":{"line":16,"column":3}},"locations":[{"start":{"line":13,"column":34},"end":{"line":16,"column":3}}]},"4":{"type":"branch","line":16,"loc":{"start":{"line":16,"column":2},"end":{"line":17,"column":14}},"locations":[{"start":{"line":16,"column":2},"end":{"line":17,"column":14}}]},"5":{"type":"branch","line":17,"loc":{"start":{"line":17,"column":14},"end":{"line":20,"column":9}},"locations":[{"start":{"line":17,"column":14},"end":{"line":20,"column":9}}]},"6":{"type":"branch","line":20,"loc":{"start":{"line":20,"column":2},"end":{"line":25,"column":14}},"locations":[{"start":{"line":20,"column":2},"end":{"line":25,"column":14}}]},"7":{"type":"branch","line":20,"loc":{"start":{"line":20,"column":42},"end":{"line":23,"column":3}},"locations":[{"start":{"line":20,"column":42},"end":{"line":23,"column":3}}]},"8":{"type":"branch","line":25,"loc":{"start":{"line":25,"column":14},"end":{"line":28,"column":9}},"locations":[{"start":{"line":25,"column":14},"end":{"line":28,"column":9}}]},"9":{"type":"branch","line":28,"loc":{"start":{"line":28,"column":2},"end":{"line":36,"column":17}},"locations":[{"start":{"line":28,"column":2},"end":{"line":36,"column":17}}]},"10":{"type":"branch","line":28,"loc":{"start":{"line":28,"column":35},"end":{"line":31,"column":9}},"locations":[{"start":{"line":28,"column":35},"end":{"line":31,"column":9}}]},"11":{"type":"branch","line":31,"loc":{"start":{"line":31,"column":32},"end":{"line":34,"column":3}},"locations":[{"start":{"line":31,"column":32},"end":{"line":34,"column":3}}]},"12":{"type":"branch","line":36,"loc":{"start":{"line":36,"column":17},"end":{"line":39,"column":9}},"locations":[{"start":{"line":36,"column":17},"end":{"line":39,"column":9}}]},"13":{"type":"branch","line":39,"loc":{"start":{"line":39,"column":2},"end":{"line":43,"column":36}},"locations":[{"start":{"line":39,"column":2},"end":{"line":43,"column":36}}]},"14":{"type":"branch","line":39,"loc":{"start":{"line":39,"column":34},"end":{"line":42,"column":3}},"locations":[{"start":{"line":39,"column":34},"end":{"line":42,"column":3}}]},"15":{"type":"branch","line":43,"loc":{"start":{"line":43,"column":36},"end":{"line":46,"column":3}},"locations":[{"start":{"line":43,"column":36},"end":{"line":46,"column":3}}]},"16":{"type":"branch","line":46,"loc":{"start":{"line":46,"column":2},"end":{"line":48,"column":2}},"locations":[{"start":{"line":46,"column":2},"end":{"line":48,"column":2}}]}},"b":{"0":[3],"1":[1],"2":[2],"3":[1],"4":[1],"5":[0],"6":[1],"7":[0],"8":[0],"9":[1],"10":[0],"11":[0],"12":[0],"13":[1],"14":[0],"15":[0],"16":[1]},"fnMap":{"0":{"name":"validateUserInput","decl":{"start":{"line":3,"column":33},"end":{"line":48,"column":2}},"loc":{"start":{"line":3,"column":33},"end":{"line":48,"column":2}},"line":3}},"f":{"0":3}}
,"/home/bititude/avanthik/Testing project -test/src/components/Error/Error/Error.tsx": {"path":"/home/bititude/avanthik/Testing project -test/src/components/Error/Error/Error.tsx","all":false,"statementMap":{"0":{"start":{"line":1,"column":0},"end":{"line":1,"column":26}},"3":{"start":{"line":4,"column":0},"end":{"line":4,"column":54}},"4":{"start":{"line":5,"column":0},"end":{"line":5,"column":10}},"5":{"start":{"line":6,"column":0},"end":{"line":6,"column":70}},"6":{"start":{"line":7,"column":0},"end":{"line":7,"column":41}},"7":{"start":{"line":8,"column":0},"end":{"line":8,"column":68}},"11":{"start":{"line":12,"column":0},"end":{"line":12,"column":2}},"13":{"start":{"line":14,"column":0},"end":{"line":14,"column":21}}},"s":{"0":1,"3":1,"4":0,"5":0,"6":0,"7":0,"11":0,"13":1},"branchMap":{},"b":{},"fnMap":{"0":{"name":"Error","decl":{"start":{"line":4,"column":36},"end":{"line":12,"column":2}},"loc":{"start":{"line":4,"column":36},"end":{"line":12,"column":2}},"line":4}},"f":{"0":0}}
,"/home/bititude/avanthik/Testing project -test/src/hooks/useSignup/useSignup.tsx": {"path":"/home/bititude/avanthik/Testing project -test/src/hooks/useSignup/useSignup.tsx","all":false,"statementMap":{"0":{"start":{"line":1,"column":0},"end":{"line":1,"column":26}},"11":{"start":{"line":12,"column":0},"end":{"line":12,"column":77}},"12":{"start":{"line":13,"column":0},"end":{"line":13,"column":48}},"13":{"start":{"line":14,"column":0},"end":{"line":14,"column":41}},"14":{"start":{"line":15,"column":0},"end":{"line":15,"column":33}},"16":{"start":{"line":17,"column":0},"end":{"line":17,"column":30}},"17":{"start":{"line":18,"column":0},"end":{"line":18,"column":54}},"19":{"start":{"line":20,"column":0},"end":{"line":20,"column":9}},"20":{"start":{"line":21,"column":0},"end":{"line":21,"column":23}},"21":{"start":{"line":22,"column":0},"end":{"line":22,"column":76}},"22":{"start":{"line":23,"column":0},"end":{"line":23,"column":52}},"24":{"start":{"line":25,"column":0},"end":{"line":25,"column":48}},"25":{"start":{"line":26,"column":0},"end":{"line":26,"column":21}},"26":{"start":{"line":27,"column":0},"end":{"line":27,"column":41}},"27":{"start":{"line":28,"column":0},"end":{"line":28,"column":14}},"28":{"start":{"line":29,"column":0},"end":{"line":29,"column":53}},"29":{"start":{"line":30,"column":0},"end":{"line":30,"column":7}},"30":{"start":{"line":31,"column":0},"end":{"line":31,"column":21}},"31":{"start":{"line":32,"column":0},"end":{"line":32,"column":25}},"32":{"start":{"line":33,"column":0},"end":{"line":33,"column":38}},"33":{"start":{"line":34,"column":0},"end":{"line":34,"column":17}},"34":{"start":{"line":35,"column":0},"end":{"line":35,"column":38}},"35":{"start":{"line":36,"column":0},"end":{"line":36,"column":42}},"36":{"start":{"line":37,"column":0},"end":{"line":37,"column":28}},"38":{"start":{"line":39,"column":0},"end":{"line":39,"column":7}},"39":{"start":{"line":40,"column":0},"end":{"line":40,"column":15}},"40":{"start":{"line":41,"column":0},"end":{"line":41,"column":24}},"41":{"start":{"line":42,"column":0},"end":{"line":42,"column":5}},"42":{"start":{"line":43,"column":0},"end":{"line":43,"column":4}},"44":{"start":{"line":45,"column":0},"end":{"line":45,"column":36}},"45":{"start":{"line":46,"column":0},"end":{"line":46,"column":2}}},"s":{"0":1,"11":1,"12":55,"13":55,"14":55,"16":55,"17":0,"19":0,"20":0,"21":0,"22":0,"24":0,"25":0,"26":0,"27":0,"28":0,"29":0,"30":0,"31":0,"32":0,"33":0,"34":0,"35":0,"36":0,"38":0,"39":0,"40":0,"41":0,"42":0,"44":55,"45":55},"branchMap":{"0":{"type":"branch","line":12,"loc":{"start":{"line":12,"column":25},"end":{"line":46,"column":2}},"locations":[{"start":{"line":12,"column":25},"end":{"line":46,"column":2}}]}},"b":{"0":[55]},"fnMap":{"0":{"name":"useSignup","decl":{"start":{"line":12,"column":25},"end":{"line":46,"column":2}},"loc":{"start":{"line":12,"column":25},"end":{"line":46,"column":2}},"line":12},"1":{"name":"signup","decl":{"start":{"line":17,"column":17},"end":{"line":43,"column":4}},"loc":{"start":{"line":17,"column":17},"end":{"line":43,"column":4}},"line":17}},"f":{"0":55,"1":0}}
,"/home/bititude/avanthik/Testing project -test/src/mocks/handlers.ts": {"path":"/home/bititude/avanthik/Testing project -test/src/mocks/handlers.ts","all":false,"statementMap":{"0":{"start":{"line":1,"column":0},"end":{"line":1,"column":41}},"2":{"start":{"line":3,"column":0},"end":{"line":3,"column":25}},"3":{"start":{"line":4,"column":0},"end":{"line":4,"column":58}},"4":{"start":{"line":5,"column":0},"end":{"line":5,"column":29}},"5":{"start":{"line":6,"column":0},"end":{"line":6,"column":7}},"6":{"start":{"line":7,"column":0},"end":{"line":7,"column":26}},"7":{"start":{"line":8,"column":0},"end":{"line":8,"column":39}},"8":{"start":{"line":9,"column":0},"end":{"line":9,"column":8}},"9":{"start":{"line":10,"column":0},"end":{"line":10,"column":21}},"11":{"start":{"line":12,"column":0},"end":{"line":12,"column":5}},"12":{"start":{"line":13,"column":0},"end":{"line":13,"column":55}},"13":{"start":{"line":14,"column":0},"end":{"line":14,"column":29}},"14":{"start":{"line":15,"column":0},"end":{"line":15,"column":7}},"15":{"start":{"line":16,"column":0},"end":{"line":16,"column":26}},"16":{"start":{"line":17,"column":0},"end":{"line":17,"column":38}},"17":{"start":{"line":18,"column":0},"end":{"line":18,"column":46}},"18":{"start":{"line":19,"column":0},"end":{"line":19,"column":8}},"19":{"start":{"line":20,"column":0},"end":{"line":20,"column":21}},"21":{"start":{"line":22,"column":0},"end":{"line":22,"column":5}},"22":{"start":{"line":23,"column":0},"end":{"line":23,"column":64}},"23":{"start":{"line":24,"column":0},"end":{"line":24,"column":29}},"24":{"start":{"line":25,"column":0},"end":{"line":25,"column":7}},"25":{"start":{"line":26,"column":0},"end":{"line":26,"column":26}},"26":{"start":{"line":27,"column":0},"end":{"line":27,"column":50}},"27":{"start":{"line":28,"column":0},"end":{"line":28,"column":8}},"28":{"start":{"line":29,"column":0},"end":{"line":29,"column":21}},"30":{"start":{"line":31,"column":0},"end":{"line":31,"column":5}},"31":{"start":{"line":32,"column":0},"end":{"line":32,"column":2}}},"s":{"0":1,"2":1,"3":1,"4":0,"5":0,"6":0,"7":0,"8":0,"9":0,"11":0,"12":1,"13":0,"14":0,"15":0,"16":0,"17":0,"18":0,"19":0,"21":0,"22":1,"23":0,"24":0,"25":0,"26":0,"27":0,"28":0,"30":0,"31":1},"branchMap":{},"b":{},"fnMap":{},"f":{}}
,"/home/bititude/avanthik/Testing project -test/src/mocks/server.ts": {"path":"/home/bititude/avanthik/Testing project -test/src/mocks/server.ts","all":false,"statementMap":{"0":{"start":{"line":1,"column":0},"end":{"line":1,"column":20}},"4":{"start":{"line":5,"column":0},"end":{"line":5,"column":47}}},"s":{"0":1,"4":1},"branchMap":{},"b":{},"fnMap":{},"f":{}}
,"/home/bititude/avanthik/Testing project -test/src/pages/Signup/Signup.tsx": {"path":"/home/bititude/avanthik/Testing project -test/src/pages/Signup/Signup.tsx","all":false,"statementMap":{"0":{"start":{"line":1,"column":0},"end":{"line":1,"column":44}},"1":{"start":{"line":2,"column":0},"end":{"line":2,"column":40}},"3":{"start":{"line":4,"column":0},"end":{"line":4,"column":60}},"4":{"start":{"line":5,"column":0},"end":{"line":5,"column":55}},"5":{"start":{"line":6,"column":0},"end":{"line":6,"column":48}},"6":{"start":{"line":7,"column":0},"end":{"line":7,"column":62}},"8":{"start":{"line":9,"column":0},"end":{"line":9,"column":32}},"9":{"start":{"line":10,"column":0},"end":{"line":10,"column":60}},"10":{"start":{"line":11,"column":0},"end":{"line":11,"column":17}},"11":{"start":{"line":12,"column":0},"end":{"line":12,"column":14}},"12":{"start":{"line":13,"column":0},"end":{"line":13,"column":17}},"13":{"start":{"line":14,"column":0},"end":{"line":14,"column":14}},"14":{"start":{"line":15,"column":0},"end":{"line":15,"column":24}},"15":{"start":{"line":16,"column":0},"end":{"line":16,"column":5}},"16":{"start":{"line":17,"column":0},"end":{"line":17,"column":57}},"18":{"start":{"line":19,"column":0},"end":{"line":19,"column":72}},"19":{"start":{"line":20,"column":0},"end":{"line":20,"column":32}},"20":{"start":{"line":21,"column":0},"end":{"line":21,"column":18}},"21":{"start":{"line":22,"column":0},"end":{"line":22,"column":46}},"22":{"start":{"line":23,"column":0},"end":{"line":23,"column":8}},"23":{"start":{"line":24,"column":0},"end":{"line":24,"column":4}},"25":{"start":{"line":26,"column":0},"end":{"line":26,"column":57}},"26":{"start":{"line":27,"column":0},"end":{"line":27,"column":27}},"27":{"start":{"line":28,"column":0},"end":{"line":28,"column":52}},"28":{"start":{"line":29,"column":0},"end":{"line":29,"column":30}},"29":{"start":{"line":30,"column":0},"end":{"line":30,"column":4}},"31":{"start":{"line":32,"column":0},"end":{"line":32,"column":19}},"32":{"start":{"line":33,"column":0},"end":{"line":33,"column":16}},"33":{"start":{"line":34,"column":0},"end":{"line":34,"column":19}},"34":{"start":{"line":35,"column":0},"end":{"line":35,"column":21}},"35":{"start":{"line":36,"column":0},"end":{"line":36,"column":18}},"36":{"start":{"line":37,"column":0},"end":{"line":37,"column":21}},"37":{"start":{"line":38,"column":0},"end":{"line":38,"column":18}},"38":{"start":{"line":39,"column":0},"end":{"line":39,"column":28}},"39":{"start":{"line":40,"column":0},"end":{"line":40,"column":9}},"40":{"start":{"line":41,"column":0},"end":{"line":41,"column":5}},"41":{"start":{"line":42,"column":0},"end":{"line":42,"column":14}},"42":{"start":{"line":43,"column":0},"end":{"line":43,"column":28}},"44":{"start":{"line":45,"column":0},"end":{"line":45,"column":10}},"45":{"start":{"line":46,"column":0},"end":{"line":46,"column":6}},"46":{"start":{"line":47,"column":0},"end":{"line":47,"column":42}},"47":{"start":{"line":48,"column":0},"end":{"line":48,"column":35}},"48":{"start":{"line":49,"column":0},"end":{"line":49,"column":76}},"49":{"start":{"line":50,"column":0},"end":{"line":50,"column":71}},"50":{"start":{"line":51,"column":0},"end":{"line":51,"column":15}},"51":{"start":{"line":52,"column":0},"end":{"line":52,"column":23}},"52":{"start":{"line":53,"column":0},"end":{"line":53,"column":40}},"53":{"start":{"line":54,"column":0},"end":{"line":54,"column":40}},"55":{"start":{"line":56,"column":0},"end":{"line":56,"column":61}},"56":{"start":{"line":57,"column":0},"end":{"line":57,"column":20}},"57":{"start":{"line":58,"column":0},"end":{"line":58,"column":28}},"58":{"start":{"line":59,"column":0},"end":{"line":59,"column":28}},"59":{"start":{"line":60,"column":0},"end":{"line":60,"column":26}},"60":{"start":{"line":61,"column":0},"end":{"line":61,"column":264}},"61":{"start":{"line":62,"column":0},"end":{"line":62,"column":31}},"62":{"start":{"line":63,"column":0},"end":{"line":63,"column":39}},"63":{"start":{"line":64,"column":0},"end":{"line":64,"column":38}},"64":{"start":{"line":65,"column":0},"end":{"line":65,"column":24}},"66":{"start":{"line":67,"column":0},"end":{"line":67,"column":20}},"67":{"start":{"line":68,"column":0},"end":{"line":68,"column":31}},"68":{"start":{"line":69,"column":0},"end":{"line":69,"column":416}},"69":{"start":{"line":70,"column":0},"end":{"line":70,"column":15}},"73":{"start":{"line":74,"column":0},"end":{"line":74,"column":60}},"74":{"start":{"line":75,"column":0},"end":{"line":75,"column":20}},"75":{"start":{"line":76,"column":0},"end":{"line":76,"column":31}},"76":{"start":{"line":77,"column":0},"end":{"line":77,"column":31}},"77":{"start":{"line":78,"column":0},"end":{"line":78,"column":29}},"78":{"start":{"line":79,"column":0},"end":{"line":79,"column":264}},"79":{"start":{"line":80,"column":0},"end":{"line":80,"column":31}},"80":{"start":{"line":81,"column":0},"end":{"line":81,"column":41}},"81":{"start":{"line":82,"column":0},"end":{"line":82,"column":39}},"82":{"start":{"line":83,"column":0},"end":{"line":83,"column":24}},"84":{"start":{"line":85,"column":0},"end":{"line":85,"column":20}},"85":{"start":{"line":86,"column":0},"end":{"line":86,"column":34}},"86":{"start":{"line":87,"column":0},"end":{"line":87,"column":391}},"87":{"start":{"line":88,"column":0},"end":{"line":88,"column":15}},"91":{"start":{"line":92,"column":0},"end":{"line":92,"column":60}},"92":{"start":{"line":93,"column":0},"end":{"line":93,"column":20}},"93":{"start":{"line":94,"column":0},"end":{"line":94,"column":31}},"94":{"start":{"line":95,"column":0},"end":{"line":95,"column":38}},"95":{"start":{"line":96,"column":0},"end":{"line":96,"column":48}},"96":{"start":{"line":97,"column":0},"end":{"line":97,"column":36}},"97":{"start":{"line":98,"column":0},"end":{"line":98,"column":264}},"98":{"start":{"line":99,"column":0},"end":{"line":99,"column":31}},"99":{"start":{"line":100,"column":0},"end":{"line":100,"column":39}},"100":{"start":{"line":101,"column":0},"end":{"line":101,"column":24}},"102":{"start":{"line":103,"column":0},"end":{"line":103,"column":20}},"103":{"start":{"line":104,"column":0},"end":{"line":104,"column":41}},"104":{"start":{"line":105,"column":0},"end":{"line":105,"column":391}},"105":{"start":{"line":106,"column":0},"end":{"line":106,"column":15}},"109":{"start":{"line":110,"column":0},"end":{"line":110,"column":58}},"110":{"start":{"line":111,"column":0},"end":{"line":111,"column":62}},"111":{"start":{"line":112,"column":0},"end":{"line":112,"column":22}},"112":{"start":{"line":113,"column":0},"end":{"line":113,"column":29}},"113":{"start":{"line":114,"column":0},"end":{"line":114,"column":33}},"114":{"start":{"line":115,"column":0},"end":{"line":115,"column":31}},"115":{"start":{"line":116,"column":0},"end":{"line":116,"column":43}},"116":{"start":{"line":117,"column":0},"end":{"line":117,"column":41}},"117":{"start":{"line":118,"column":0},"end":{"line":118,"column":266}},"118":{"start":{"line":119,"column":0},"end":{"line":119,"column":33}},"119":{"start":{"line":120,"column":0},"end":{"line":120,"column":26}},"121":{"start":{"line":122,"column":0},"end":{"line":122,"column":22}},"122":{"start":{"line":123,"column":0},"end":{"line":123,"column":36}},"123":{"start":{"line":124,"column":0},"end":{"line":124,"column":393}},"124":{"start":{"line":125,"column":0},"end":{"line":125,"column":17}},"146":{"start":{"line":147,"column":0},"end":{"line":147,"column":58}},"147":{"start":{"line":148,"column":0},"end":{"line":148,"column":63}},"148":{"start":{"line":149,"column":0},"end":{"line":149,"column":22}},"149":{"start":{"line":150,"column":0},"end":{"line":150,"column":29}},"150":{"start":{"line":151,"column":0},"end":{"line":151,"column":30}},"151":{"start":{"line":152,"column":0},"end":{"line":152,"column":28}},"152":{"start":{"line":153,"column":0},"end":{"line":153,"column":41}},"153":{"start":{"line":154,"column":0},"end":{"line":154,"column":40}},"154":{"start":{"line":155,"column":0},"end":{"line":155,"column":266}},"155":{"start":{"line":156,"column":0},"end":{"line":156,"column":26}},"157":{"start":{"line":158,"column":0},"end":{"line":158,"column":22}},"158":{"start":{"line":159,"column":0},"end":{"line":159,"column":33}},"159":{"start":{"line":160,"column":0},"end":{"line":160,"column":393}},"160":{"start":{"line":161,"column":0},"end":{"line":161,"column":17}},"181":{"start":{"line":182,"column":0},"end":{"line":182,"column":19}},"182":{"start":{"line":183,"column":0},"end":{"line":183,"column":27}},"183":{"start":{"line":184,"column":0},"end":{"line":184,"column":24}},"184":{"start":{"line":185,"column":0},"end":{"line":185,"column":28}},"185":{"start":{"line":186,"column":0},"end":{"line":186,"column":50}},"186":{"start":{"line":187,"column":0},"end":{"line":187,"column":40}},"187":{"start":{"line":188,"column":0},"end":{"line":188,"column":43}},"188":{"start":{"line":189,"column":0},"end":{"line":189,"column":40}},"189":{"start":{"line":190,"column":0},"end":{"line":190,"column":40}},"191":{"start":{"line":192,"column":0},"end":{"line":192,"column":255}},"193":{"start":{"line":194,"column":0},"end":{"line":194,"column":26}},"194":{"start":{"line":195,"column":0},"end":{"line":195,"column":66}},"196":{"start":{"line":197,"column":0},"end":{"line":197,"column":24}},"199":{"start":{"line":200,"column":0},"end":{"line":200,"column":87}},"201":{"start":{"line":202,"column":0},"end":{"line":202,"column":19}},"202":{"start":{"line":203,"column":0},"end":{"line":203,"column":22}},"203":{"start":{"line":204,"column":0},"end":{"line":204,"column":81}},"204":{"start":{"line":205,"column":0},"end":{"line":205,"column":15}},"213":{"start":{"line":214,"column":0},"end":{"line":214,"column":2}},"215":{"start":{"line":216,"column":0},"end":{"line":216,"column":22}}},"s":{"0":1,"1":1,"3":1,"4":1,"5":1,"6":1,"8":1,"9":128,"10":128,"11":128,"12":128,"13":128,"14":128,"15":128,"16":128,"18":128,"19":122,"20":122,"21":122,"22":122,"23":122,"25":128,"26":3,"27":3,"28":3,"29":3,"31":128,"32":6,"33":0,"34":0,"35":0,"36":0,"37":0,"38":0,"39":0,"40":0,"41":128,"42":128,"44":128,"45":128,"46":128,"47":128,"48":128,"49":128,"50":128,"51":128,"52":128,"53":128,"55":128,"56":128,"57":128,"58":128,"59":128,"60":128,"61":128,"62":128,"63":128,"64":128,"66":128,"67":128,"68":128,"69":128,"73":128,"74":128,"75":128,"76":128,"77":128,"78":128,"79":128,"80":128,"81":128,"82":128,"84":128,"85":128,"86":128,"87":128,"91":128,"92":128,"93":128,"94":128,"95":128,"96":128,"97":128,"98":128,"99":128,"100":128,"102":128,"103":128,"104":128,"105":128,"109":128,"110":128,"111":128,"112":128,"113":128,"114":128,"115":128,"116":128,"117":128,"118":128,"119":128,"121":128,"122":128,"123":128,"124":128,"146":128,"147":128,"148":128,"149":128,"150":128,"151":128,"152":128,"153":128,"154":128,"155":128,"157":128,"158":128,"159":128,"160":128,"181":128,"182":128,"183":128,"184":128,"185":127,"186":87,"187":53,"188":53,"189":37,"191":128,"193":128,"194":1,"196":1,"199":128,"201":128,"202":128,"203":128,"204":128,"213":128,"215":1},"branchMap":{"0":{"type":"branch","line":9,"loc":{"start":{"line":9,"column":25},"end":{"line":214,"column":2}},"locations":[{"start":{"line":9,"column":25},"end":{"line":214,"column":2}}]},"1":{"type":"branch","line":185,"loc":{"start":{"line":185,"column":18},"end":{"line":186,"column":50}},"locations":[{"start":{"line":185,"column":18},"end":{"line":186,"column":50}}]},"2":{"type":"branch","line":186,"loc":{"start":{"line":186,"column":45},"end":{"line":187,"column":40}},"locations":[{"start":{"line":186,"column":45},"end":{"line":187,"column":40}}]},"3":{"type":"branch","line":187,"loc":{"start":{"line":187,"column":35},"end":{"line":188,"column":43}},"locations":[{"start":{"line":187,"column":35},"end":{"line":188,"column":43}}]},"4":{"type":"branch","line":188,"loc":{"start":{"line":188,"column":38},"end":{"line":189,"column":40}},"locations":[{"start":{"line":188,"column":38},"end":{"line":189,"column":40}}]},"5":{"type":"branch","line":189,"loc":{"start":{"line":189,"column":35},"end":{"line":190,"column":40}},"locations":[{"start":{"line":189,"column":35},"end":{"line":190,"column":40}}]},"6":{"type":"branch","line":194,"loc":{"start":{"line":194,"column":15},"end":{"line":197,"column":24}},"locations":[{"start":{"line":194,"column":15},"end":{"line":197,"column":24}}]},"7":{"type":"branch","line":197,"loc":{"start":{"line":197,"column":16},"end":{"line":197,"column":24}},"locations":[{"start":{"line":197,"column":16},"end":{"line":197,"column":24}}]},"8":{"type":"branch","line":19,"loc":{"start":{"line":19,"column":23},"end":{"line":24,"column":4}},"locations":[{"start":{"line":19,"column":23},"end":{"line":24,"column":4}}]},"9":{"type":"branch","line":20,"loc":{"start":{"line":20,"column":16},"end":{"line":23,"column":8}},"locations":[{"start":{"line":20,"column":16},"end":{"line":23,"column":8}}]},"10":{"type":"branch","line":26,"loc":{"start":{"line":26,"column":28},"end":{"line":30,"column":4}},"locations":[{"start":{"line":26,"column":28},"end":{"line":30,"column":4}}]},"11":{"type":"branch","line":29,"loc":{"start":{"line":29,"column":21},"end":{"line":29,"column":30}},"locations":[{"start":{"line":29,"column":21},"end":{"line":29,"column":30}}]},"12":{"type":"branch","line":32,"loc":{"start":{"line":32,"column":12},"end":{"line":42,"column":5}},"locations":[{"start":{"line":32,"column":12},"end":{"line":42,"column":5}}]},"13":{"type":"branch","line":33,"loc":{"start":{"line":33,"column":15},"end":{"line":41,"column":5}},"locations":[{"start":{"line":33,"column":15},"end":{"line":41,"column":5}}]}},"b":{"0":[128],"1":[127],"2":[87],"3":[53],"4":[53],"5":[37],"6":[1],"7":[127],"8":[122],"9":[122],"10":[3],"11":[1],"12":[6],"13":[0]},"fnMap":{"0":{"name":"Signup","decl":{"start":{"line":9,"column":25},"end":{"line":214,"column":2}},"loc":{"start":{"line":9,"column":25},"end":{"line":214,"column":2}},"line":9},"1":{"name":"inputHandler","decl":{"start":{"line":19,"column":23},"end":{"line":24,"column":4}},"loc":{"start":{"line":19,"column":23},"end":{"line":24,"column":4}},"line":19},"2":{"name":"formSubmitHandler","decl":{"start":{"line":26,"column":28},"end":{"line":30,"column":4}},"loc":{"start":{"line":26,"column":28},"end":{"line":30,"column":4}},"line":26}},"f":{"0":128,"1":122,"2":3}}
}
