{"/home/bititude/avanthik/Testing project -test/src/components/Logout.tsx": {"path":"/home/bititude/avanthik/Testing project -test/src/components/Logout.tsx","all":false,"statementMap":{"0":{"start":{"line":1,"column":0},"end":{"line":1,"column":26}},"1":{"start":{"line":2,"column":0},"end":{"line":2,"column":47}},"3":{"start":{"line":4,"column":0},"end":{"line":4,"column":32}},"4":{"start":{"line":5,"column":0},"end":{"line":5,"column":33}},"5":{"start":{"line":6,"column":0},"end":{"line":6,"column":30}},"6":{"start":{"line":7,"column":0},"end":{"line":7,"column":25}},"7":{"start":{"line":8,"column":0},"end":{"line":8,"column":37}},"8":{"start":{"line":9,"column":0},"end":{"line":9,"column":4}},"9":{"start":{"line":10,"column":0},"end":{"line":10,"column":10}},"10":{"start":{"line":11,"column":0},"end":{"line":11,"column":6}},"11":{"start":{"line":12,"column":0},"end":{"line":12,"column":13}},"12":{"start":{"line":13,"column":0},"end":{"line":13,"column":30}},"13":{"start":{"line":14,"column":0},"end":{"line":14,"column":171}},"14":{"start":{"line":15,"column":0},"end":{"line":15,"column":7}},"19":{"start":{"line":20,"column":0},"end":{"line":20,"column":2}},"21":{"start":{"line":22,"column":0},"end":{"line":22,"column":22}}},"s":{"0":1,"1":1,"3":1,"4":37,"5":37,"6":0,"7":0,"8":0,"9":37,"10":37,"11":37,"12":37,"13":37,"14":37,"19":37,"21":1},"branchMap":{"0":{"type":"branch","line":4,"loc":{"start":{"line":4,"column":25},"end":{"line":20,"column":2}},"locations":[{"start":{"line":4,"column":25},"end":{"line":20,"column":2}}]}},"b":{"0":[37]},"fnMap":{"0":{"name":"Logout","decl":{"start":{"line":4,"column":25},"end":{"line":20,"column":2}},"loc":{"start":{"line":4,"column":25},"end":{"line":20,"column":2}},"line":4},"1":{"name":"handleLogout","decl":{"start":{"line":6,"column":23},"end":{"line":9,"column":4}},"loc":{"start":{"line":6,"column":23},"end":{"line":9,"column":4}},"line":6}},"f":{"0":37,"1":0}}
,"/home/bititude/avanthik/Testing project -test/src/components/Error/Error.tsx": {"path":"/home/bititude/avanthik/Testing project -test/src/components/Error/Error.tsx","all":false,"statementMap":{"0":{"start":{"line":1,"column":0},"end":{"line":1,"column":26}},"3":{"start":{"line":4,"column":0},"end":{"line":4,"column":54}},"4":{"start":{"line":5,"column":0},"end":{"line":5,"column":10}},"5":{"start":{"line":6,"column":0},"end":{"line":6,"column":70}},"6":{"start":{"line":7,"column":0},"end":{"line":7,"column":41}},"7":{"start":{"line":8,"column":0},"end":{"line":8,"column":68}},"11":{"start":{"line":12,"column":0},"end":{"line":12,"column":2}},"13":{"start":{"line":14,"column":0},"end":{"line":14,"column":21}}},"s":{"0":1,"3":1,"4":2,"5":2,"6":2,"7":2,"11":2,"13":1},"branchMap":{"0":{"type":"branch","line":4,"loc":{"start":{"line":4,"column":36},"end":{"line":12,"column":2}},"locations":[{"start":{"line":4,"column":36},"end":{"line":12,"column":2}}]}},"b":{"0":[2]},"fnMap":{"0":{"name":"Error","decl":{"start":{"line":4,"column":36},"end":{"line":12,"column":2}},"loc":{"start":{"line":4,"column":36},"end":{"line":12,"column":2}},"line":4}},"f":{"0":2}}
,"/home/bititude/avanthik/Testing project -test/src/hooks/useProduct.tsx": {"path":"/home/bititude/avanthik/Testing project -test/src/hooks/useProduct.tsx","all":false,"statementMap":{"0":{"start":{"line":1,"column":0},"end":{"line":1,"column":26}},"4":{"start":{"line":5,"column":0},"end":{"line":5,"column":64}},"5":{"start":{"line":6,"column":0},"end":{"line":6,"column":48}},"6":{"start":{"line":7,"column":0},"end":{"line":7,"column":41}},"8":{"start":{"line":9,"column":0},"end":{"line":9,"column":46}},"10":{"start":{"line":11,"column":0},"end":{"line":11,"column":34}},"11":{"start":{"line":12,"column":0},"end":{"line":12,"column":60}},"12":{"start":{"line":13,"column":0},"end":{"line":13,"column":9}},"13":{"start":{"line":14,"column":0},"end":{"line":14,"column":23}},"14":{"start":{"line":15,"column":0},"end":{"line":15,"column":40}},"15":{"start":{"line":16,"column":0},"end":{"line":16,"column":12}},"16":{"start":{"line":17,"column":0},"end":{"line":17,"column":30}},"17":{"start":{"line":18,"column":0},"end":{"line":18,"column":9}},"18":{"start":{"line":19,"column":0},"end":{"line":19,"column":20}},"19":{"start":{"line":20,"column":0},"end":{"line":20,"column":45}},"20":{"start":{"line":21,"column":0},"end":{"line":21,"column":47}},"21":{"start":{"line":22,"column":0},"end":{"line":22,"column":12}},"22":{"start":{"line":23,"column":0},"end":{"line":23,"column":9}},"25":{"start":{"line":26,"column":0},"end":{"line":26,"column":47}},"26":{"start":{"line":27,"column":0},"end":{"line":27,"column":21}},"27":{"start":{"line":28,"column":0},"end":{"line":28,"column":36}},"28":{"start":{"line":29,"column":0},"end":{"line":29,"column":14}},"29":{"start":{"line":30,"column":0},"end":{"line":30,"column":66}},"30":{"start":{"line":31,"column":0},"end":{"line":31,"column":7}},"31":{"start":{"line":32,"column":0},"end":{"line":32,"column":21}},"32":{"start":{"line":33,"column":0},"end":{"line":33,"column":38}},"33":{"start":{"line":34,"column":0},"end":{"line":34,"column":17}},"34":{"start":{"line":35,"column":0},"end":{"line":35,"column":38}},"35":{"start":{"line":36,"column":0},"end":{"line":36,"column":42}},"36":{"start":{"line":37,"column":0},"end":{"line":37,"column":56}},"38":{"start":{"line":39,"column":0},"end":{"line":39,"column":7}},"39":{"start":{"line":40,"column":0},"end":{"line":40,"column":15}},"40":{"start":{"line":41,"column":0},"end":{"line":41,"column":24}},"41":{"start":{"line":42,"column":0},"end":{"line":42,"column":5}},"42":{"start":{"line":43,"column":0},"end":{"line":43,"column":4}},"44":{"start":{"line":45,"column":0},"end":{"line":45,"column":40}},"45":{"start":{"line":46,"column":0},"end":{"line":46,"column":2}}},"s":{"0":1,"4":1,"5":38,"6":38,"8":38,"10":38,"11":3,"12":3,"13":3,"14":3,"15":3,"16":3,"17":3,"18":3,"19":3,"20":3,"21":3,"22":3,"25":3,"26":1,"27":1,"28":1,"29":1,"30":1,"31":3,"32":1,"33":1,"34":1,"35":0,"36":1,"38":1,"39":3,"40":3,"41":3,"42":3,"44":38,"45":38},"branchMap":{"0":{"type":"branch","line":5,"loc":{"start":{"line":5,"column":26},"end":{"line":46,"column":2}},"locations":[{"start":{"line":5,"column":26},"end":{"line":46,"column":2}}]},"1":{"type":"branch","line":11,"loc":{"start":{"line":11,"column":21},"end":{"line":43,"column":4}},"locations":[{"start":{"line":11,"column":21},"end":{"line":43,"column":4}}]},"2":{"type":"branch","line":23,"loc":{"start":{"line":23,"column":8},"end":{"line":26,"column":46}},"locations":[{"start":{"line":23,"column":8},"end":{"line":26,"column":46}}]},"3":{"type":"branch","line":26,"loc":{"start":{"line":26,"column":46},"end":{"line":31,"column":7}},"locations":[{"start":{"line":26,"column":46},"end":{"line":31,"column":7}}]},"4":{"type":"branch","line":32,"loc":{"start":{"line":32,"column":6},"end":{"line":40,"column":14}},"locations":[{"start":{"line":32,"column":6},"end":{"line":40,"column":14}}]},"5":{"type":"branch","line":35,"loc":{"start":{"line":35,"column":31},"end":{"line":36,"column":42}},"locations":[{"start":{"line":35,"column":31},"end":{"line":36,"column":42}}]}},"b":{"0":[38],"1":[3],"2":[2],"3":[1],"4":[1],"5":[0]},"fnMap":{"0":{"name":"useProduct","decl":{"start":{"line":5,"column":26},"end":{"line":46,"column":2}},"loc":{"start":{"line":5,"column":26},"end":{"line":46,"column":2}},"line":5},"1":{"name":"addProduct","decl":{"start":{"line":11,"column":21},"end":{"line":43,"column":4}},"loc":{"start":{"line":11,"column":21},"end":{"line":43,"column":4}},"line":11}},"f":{"0":38,"1":3}}
,"/home/bititude/avanthik/Testing project -test/src/mocks/handlers.ts": {"path":"/home/bititude/avanthik/Testing project -test/src/mocks/handlers.ts","all":false,"statementMap":{"0":{"start":{"line":1,"column":0},"end":{"line":1,"column":41}},"2":{"start":{"line":3,"column":0},"end":{"line":3,"column":25}},"3":{"start":{"line":4,"column":0},"end":{"line":4,"column":58}},"4":{"start":{"line":5,"column":0},"end":{"line":5,"column":29}},"5":{"start":{"line":6,"column":0},"end":{"line":6,"column":7}},"6":{"start":{"line":7,"column":0},"end":{"line":7,"column":26}},"7":{"start":{"line":8,"column":0},"end":{"line":8,"column":39}},"8":{"start":{"line":9,"column":0},"end":{"line":9,"column":8}},"9":{"start":{"line":10,"column":0},"end":{"line":10,"column":21}},"11":{"start":{"line":12,"column":0},"end":{"line":12,"column":5}},"12":{"start":{"line":13,"column":0},"end":{"line":13,"column":55}},"13":{"start":{"line":14,"column":0},"end":{"line":14,"column":29}},"14":{"start":{"line":15,"column":0},"end":{"line":15,"column":7}},"15":{"start":{"line":16,"column":0},"end":{"line":16,"column":26}},"16":{"start":{"line":17,"column":0},"end":{"line":17,"column":38}},"17":{"start":{"line":18,"column":0},"end":{"line":18,"column":46}},"18":{"start":{"line":19,"column":0},"end":{"line":19,"column":8}},"19":{"start":{"line":20,"column":0},"end":{"line":20,"column":21}},"21":{"start":{"line":22,"column":0},"end":{"line":22,"column":5}},"22":{"start":{"line":23,"column":0},"end":{"line":23,"column":64}},"23":{"start":{"line":24,"column":0},"end":{"line":24,"column":29}},"24":{"start":{"line":25,"column":0},"end":{"line":25,"column":7}},"25":{"start":{"line":26,"column":0},"end":{"line":26,"column":26}},"26":{"start":{"line":27,"column":0},"end":{"line":27,"column":50}},"27":{"start":{"line":28,"column":0},"end":{"line":28,"column":8}},"28":{"start":{"line":29,"column":0},"end":{"line":29,"column":21}},"30":{"start":{"line":31,"column":0},"end":{"line":31,"column":5}},"31":{"start":{"line":32,"column":0},"end":{"line":32,"column":2}}},"s":{"0":1,"2":1,"3":1,"4":0,"5":0,"6":0,"7":0,"8":0,"9":0,"11":0,"12":1,"13":0,"14":0,"15":0,"16":0,"17":0,"18":0,"19":0,"21":0,"22":1,"23":1,"24":1,"25":1,"26":1,"27":1,"28":1,"30":1,"31":1},"branchMap":{"0":{"type":"branch","line":23,"loc":{"start":{"line":23,"column":57},"end":{"line":31,"column":5}},"locations":[{"start":{"line":23,"column":57},"end":{"line":31,"column":5}}]}},"b":{"0":[1]},"fnMap":{},"f":{}}
,"/home/bititude/avanthik/Testing project -test/src/mocks/server.ts": {"path":"/home/bititude/avanthik/Testing project -test/src/mocks/server.ts","all":false,"statementMap":{"0":{"start":{"line":1,"column":0},"end":{"line":1,"column":20}},"4":{"start":{"line":5,"column":0},"end":{"line":5,"column":47}}},"s":{"0":1,"4":1},"branchMap":{},"b":{},"fnMap":{},"f":{}}
,"/home/bititude/avanthik/Testing project -test/src/pages/Home/Home.tsx": {"path":"/home/bititude/avanthik/Testing project -test/src/pages/Home/Home.tsx","all":false,"statementMap":{"0":{"start":{"line":1,"column":0},"end":{"line":1,"column":40}},"1":{"start":{"line":2,"column":0},"end":{"line":2,"column":49}},"2":{"start":{"line":3,"column":0},"end":{"line":3,"column":52}},"3":{"start":{"line":4,"column":0},"end":{"line":4,"column":45}},"6":{"start":{"line":7,"column":0},"end":{"line":7,"column":30}},"7":{"start":{"line":8,"column":0},"end":{"line":8,"column":24}},"8":{"start":{"line":9,"column":0},"end":{"line":9,"column":54}},"9":{"start":{"line":10,"column":0},"end":{"line":10,"column":13}},"10":{"start":{"line":11,"column":0},"end":{"line":11,"column":20}},"11":{"start":{"line":12,"column":0},"end":{"line":12,"column":5}},"12":{"start":{"line":13,"column":0},"end":{"line":13,"column":53}},"13":{"start":{"line":14,"column":0},"end":{"line":14,"column":13}},"14":{"start":{"line":15,"column":0},"end":{"line":15,"column":5}},"16":{"start":{"line":17,"column":0},"end":{"line":17,"column":77}},"17":{"start":{"line":18,"column":0},"end":{"line":18,"column":33}},"18":{"start":{"line":19,"column":0},"end":{"line":19,"column":19}},"19":{"start":{"line":20,"column":0},"end":{"line":20,"column":46}},"20":{"start":{"line":21,"column":0},"end":{"line":21,"column":8}},"21":{"start":{"line":22,"column":0},"end":{"line":22,"column":4}},"23":{"start":{"line":24,"column":0},"end":{"line":24,"column":56}},"24":{"start":{"line":25,"column":0},"end":{"line":25,"column":27}},"25":{"start":{"line":26,"column":0},"end":{"line":26,"column":17}},"26":{"start":{"line":27,"column":0},"end":{"line":27,"column":17}},"27":{"start":{"line":28,"column":0},"end":{"line":28,"column":15}},"28":{"start":{"line":29,"column":0},"end":{"line":29,"column":22}},"29":{"start":{"line":30,"column":0},"end":{"line":30,"column":7}},"30":{"start":{"line":31,"column":0},"end":{"line":31,"column":4}},"32":{"start":{"line":33,"column":0},"end":{"line":33,"column":10}},"33":{"start":{"line":34,"column":0},"end":{"line":34,"column":6}},"34":{"start":{"line":35,"column":0},"end":{"line":35,"column":42}},"35":{"start":{"line":36,"column":0},"end":{"line":36,"column":58}},"36":{"start":{"line":37,"column":0},"end":{"line":37,"column":48}},"37":{"start":{"line":38,"column":0},"end":{"line":38,"column":20}},"40":{"start":{"line":41,"column":0},"end":{"line":41,"column":76}},"41":{"start":{"line":42,"column":0},"end":{"line":42,"column":78}},"45":{"start":{"line":46,"column":0},"end":{"line":46,"column":56}},"46":{"start":{"line":47,"column":0},"end":{"line":47,"column":34}},"47":{"start":{"line":48,"column":0},"end":{"line":48,"column":20}},"48":{"start":{"line":49,"column":0},"end":{"line":49,"column":30}},"49":{"start":{"line":50,"column":0},"end":{"line":50,"column":69}},"50":{"start":{"line":51,"column":0},"end":{"line":51,"column":15}},"53":{"start":{"line":54,"column":0},"end":{"line":54,"column":20}},"54":{"start":{"line":55,"column":0},"end":{"line":55,"column":27}},"55":{"start":{"line":56,"column":0},"end":{"line":56,"column":25}},"56":{"start":{"line":57,"column":0},"end":{"line":57,"column":37}},"57":{"start":{"line":58,"column":0},"end":{"line":58,"column":27}},"58":{"start":{"line":59,"column":0},"end":{"line":59,"column":44}},"59":{"start":{"line":60,"column":0},"end":{"line":60,"column":167}},"60":{"start":{"line":61,"column":0},"end":{"line":61,"column":48}},"63":{"start":{"line":64,"column":0},"end":{"line":64,"column":34}},"64":{"start":{"line":65,"column":0},"end":{"line":65,"column":20}},"65":{"start":{"line":66,"column":0},"end":{"line":66,"column":37}},"66":{"start":{"line":67,"column":0},"end":{"line":67,"column":69}},"67":{"start":{"line":68,"column":0},"end":{"line":68,"column":15}},"70":{"start":{"line":71,"column":0},"end":{"line":71,"column":20}},"71":{"start":{"line":72,"column":0},"end":{"line":72,"column":27}},"72":{"start":{"line":73,"column":0},"end":{"line":73,"column":32}},"73":{"start":{"line":74,"column":0},"end":{"line":74,"column":34}},"74":{"start":{"line":75,"column":0},"end":{"line":75,"column":44}},"75":{"start":{"line":76,"column":0},"end":{"line":76,"column":44}},"76":{"start":{"line":77,"column":0},"end":{"line":77,"column":167}},"77":{"start":{"line":78,"column":0},"end":{"line":78,"column":55}},"80":{"start":{"line":81,"column":0},"end":{"line":81,"column":19}},"81":{"start":{"line":82,"column":0},"end":{"line":82,"column":27}},"82":{"start":{"line":83,"column":0},"end":{"line":83,"column":34}},"83":{"start":{"line":84,"column":0},"end":{"line":84,"column":166}},"84":{"start":{"line":85,"column":0},"end":{"line":85,"column":13}},"92":{"start":{"line":93,"column":0},"end":{"line":93,"column":2}},"94":{"start":{"line":95,"column":0},"end":{"line":95,"column":20}}},"s":{"0":1,"1":1,"2":1,"3":1,"6":1,"7":37,"8":37,"9":37,"10":37,"11":37,"12":37,"13":37,"14":37,"16":37,"17":29,"18":29,"19":29,"20":29,"21":29,"23":37,"24":2,"25":2,"26":2,"27":2,"28":2,"29":2,"30":2,"32":37,"33":37,"34":37,"35":37,"36":37,"37":37,"40":37,"41":37,"45":37,"46":37,"47":37,"48":37,"49":37,"50":37,"53":37,"54":37,"55":37,"56":37,"57":37,"58":37,"59":37,"60":37,"63":37,"64":37,"65":37,"66":37,"67":37,"70":37,"71":37,"72":37,"73":37,"74":37,"75":37,"76":37,"77":37,"80":37,"81":37,"82":37,"83":37,"84":37,"92":37,"94":1},"branchMap":{"0":{"type":"branch","line":7,"loc":{"start":{"line":7,"column":23},"end":{"line":93,"column":2}},"locations":[{"start":{"line":7,"column":23},"end":{"line":93,"column":2}}]},"1":{"type":"branch","line":17,"loc":{"start":{"line":17,"column":28},"end":{"line":22,"column":4}},"locations":[{"start":{"line":17,"column":28},"end":{"line":22,"column":4}}]},"2":{"type":"branch","line":18,"loc":{"start":{"line":18,"column":16},"end":{"line":21,"column":8}},"locations":[{"start":{"line":18,"column":16},"end":{"line":21,"column":8}}]},"3":{"type":"branch","line":24,"loc":{"start":{"line":24,"column":27},"end":{"line":31,"column":4}},"locations":[{"start":{"line":24,"column":27},"end":{"line":31,"column":4}}]}},"b":{"0":[37],"1":[29],"2":[29],"3":[2]},"fnMap":{"0":{"name":"Home","decl":{"start":{"line":7,"column":23},"end":{"line":93,"column":2}},"loc":{"start":{"line":7,"column":23},"end":{"line":93,"column":2}},"line":7},"1":{"name":"handleInputChange","decl":{"start":{"line":17,"column":28},"end":{"line":22,"column":4}},"loc":{"start":{"line":17,"column":28},"end":{"line":22,"column":4}},"line":17},"2":{"name":"handleFormSubmit","decl":{"start":{"line":24,"column":27},"end":{"line":31,"column":4}},"loc":{"start":{"line":24,"column":27},"end":{"line":31,"column":4}},"line":24}},"f":{"0":37,"1":29,"2":2}}
}
